Test Run: 2026-01-04 08:17:49
========================================
test_build_pipeline (test_features.TestFeatures.test_build_pipeline)
Test building a pipeline from registered features. ... ok
test_feature_manager_refresh (test_features.TestFeatures.test_feature_manager_refresh)
Test that FeatureManager pulls algorithms from registry. ... ok
test_pipeline_execution (test_features.TestFeatures.test_pipeline_execution)
Test that a pipeline executes steps in order. ... ok
test_register_invalid_plugin (test_loader.TestPluginRegistry.test_register_invalid_plugin) ... ok
test_register_plugin (test_loader.TestPluginRegistry.test_register_plugin) ... ok
test_register_slot (test_loader.TestPluginRegistry.test_register_slot) ... ok
test_singleton_behavior (test_loader.TestPluginRegistry.test_singleton_behavior) ... ok
test_dummy_plugin_loading (test_plugin_integration.TestPhase1Integration.test_dummy_plugin_loading)
Verify that dummy_plugin loads and registers features correctly. ... ok
test_initialization (test_registry.TestRegistry.test_initialization) ... ok
test_invalid_registration (test_registry.TestRegistry.test_invalid_registration) ... ok
test_missing_metadata (test_registry.TestRegistry.test_missing_metadata) ... ok
test_register_and_get (test_registry.TestRegistry.test_register_and_get) ... ok
test_singleton (test_registry.TestRegistry.test_singleton) ... ok

----------------------------------------------------------------------
Ran 13 tests in 0.049s

OK

========================================
Coverage Report:
Name                                          Stmts   Miss   Cover   Missing
----------------------------------------------------------------------------
docnexus\__init__.py                              4      0 100.00%
docnexus\app.py                                 881    747  15.21%   32-41, 60-65, 80-83, 90, 124-127, 131-133, 141-145, 159-164, 201-219, 265-336, 340-671, 679-697, 705-756, 760-788, 793-797, 806-829, 833-865, 873-924, 929-935, 940-942, 958-1000, 1004-1017, 1023-1053, 1059-1159, 1166-1211, 1217-1269, 1274, 1283-1302, 1307-1349, 1354-1376, 1381-1390, 1395-1428, 1433-1472, 1477-1494, 1499-1517, 1522-1549, 1559, 1564-1593, 1596
docnexus\cli.py                                  46     46   0.00%   6-113
docnexus\core\__init__.py                         0      0 100.00%
docnexus\core\loader.py                          52      8  84.62%   25, 42, 46-48, 65, 92-93
docnexus\core\plugin_interface.py                14      4  71.43%   16, 24, 31, 38
docnexus\core\registry.py                        49      8  83.67%   55, 76-77, 83-87
docnexus\core\renderer.py                        14      9  35.71%   10-53, 57-60
docnexus\features\registry.py                    71     10  85.92%   40-41, 47, 64, 78-79, 88-91
docnexus\features\smart_convert.py              128    115  10.16%   7-32, 41-43, 48-53, 57-60, 64-67, 71-72, 83-158, 162, 166-180
docnexus\features\standard.py                   302    292   3.31%   6-11, 15-19, 23-26, 30-36, 40-145, 149-183, 187-387, 391-433
docnexus\plugins_dev\dummy_plugin\plugin.py      23      7  69.57%   7-9, 26, 38-40
docnexus\version_info.py                          1      0 100.00%
----------------------------------------------------------------------------
TOTAL                                          1585   1246  21.39%
